# JRE version: Java(TM) SE Runtime Environment (8.0_65-b17) (build 1.8.0_65-b17)
# Java VM: Java HotSpot(TM) 64-Bit Server VM (25.65-b01 mixed mode bsd-amd64 compressed oops)
Heap:
 PSYoungGen      total 59392K, used 10577K [0x0000000795580000, 0x0000000799600000, 0x00000007c0000000)
  eden space 54272K, 10% used [0x0000000795580000,0x0000000795b005e0,0x0000000798a80000)
  from space 5120K, 96% used [0x0000000799100000,0x00000007995d4190,0x0000000799600000)
  to   space 5120K, 0% used [0x0000000798c00000,0x0000000798c00000,0x0000000799100000)
 ParOldGen       total 57856K, used 16564K [0x0000000740000000, 0x0000000743880000, 0x0000000795580000)
  object space 57856K, 28% used [0x0000000740000000,0x000000074102d0b0,0x0000000743880000)
 Metaspace       used 24024K, capacity 24271K, committed 24576K, reserved 1071104K
  class space    used 2382K, capacity 2486K, committed 2560K, reserved 1048576K
GC Heap History (10 events):
Event: 4.391 GC heap before
{Heap before GC invocations=1 (full 0):
 PSYoungGen      total 38400K, used 33280K [0x0000000795580000, 0x0000000798000000, 0x00000007c0000000)
  eden space 33280K, 100% used [0x0000000795580000,0x0000000797600000,0x0000000797600000)
  from space 5120K, 0% used [0x0000000797b00000,0x0000000797b00000,0x0000000798000000)
  to   space 5120K, 0% used [0x0000000797600000,0x0000000797600000,0x0000000797b00000)
 ParOldGen       total 87552K, used 0K [0x0000000740000000, 0x0000000745580000, 0x0000000795580000)
  object space 87552K, 0% used [0x0000000740000000,0x0000000740000000,0x0000000745580000)
 Metaspace       used 16204K, capacity 16397K, committed 16640K, reserved 1064960K
  class space    used 1660K, capacity 1729K, committed 1792K, reserved 1048576K
Event: 4.408 GC heap after
Heap after GC invocations=1 (full 0):
 PSYoungGen      total 38400K, used 5033K [0x0000000795580000, 0x0000000798000000, 0x00000007c0000000)
  eden space 33280K, 0% used [0x0000000795580000,0x0000000795580000,0x0000000797600000)
  from space 5120K, 98% used [0x0000000797600000,0x0000000797aea5e8,0x0000000797b00000)
  to   space 5120K, 0% used [0x0000000797b00000,0x0000000797b00000,0x0000000798000000)
 ParOldGen       total 87552K, used 0K [0x0000000740000000, 0x0000000745580000, 0x0000000795580000)
  object space 87552K, 0% used [0x0000000740000000,0x0000000740000000,0x0000000745580000)
 Metaspace       used 16204K, capacity 16397K, committed 16640K, reserved 1064960K
  class space    used 1660K, capacity 1729K, committed 1792K, reserved 1048576K
}
Event: 5.506 GC heap before
{Heap before GC invocations=2 (full 0):
 PSYoungGen      total 38400K, used 29396K [0x0000000795580000, 0x0000000798000000, 0x00000007c0000000)
  eden space 33280K, 73% used [0x0000000795580000,0x0000000796d4ab80,0x0000000797600000)
  from space 5120K, 98% used [0x0000000797600000,0x0000000797aea5e8,0x0000000797b00000)
  to   space 5120K, 0% used [0x0000000797b00000,0x0000000797b00000,0x0000000798000000)
 ParOldGen       total 87552K, used 0K [0x0000000740000000, 0x0000000745580000, 0x0000000795580000)
  object space 87552K, 0% used [0x0000000740000000,0x0000000740000000,0x0000000745580000)
 Metaspace       used 20893K, capacity 21155K, committed 21248K, reserved 1069056K
  class space    used 2155K, capacity 2260K, committed 2304K, reserved 1048576K
Event: 5.521 GC heap after
Heap after GC invocations=2 (full 0):
 PSYoungGen      total 38400K, used 5105K [0x0000000795580000, 0x0000000798000000, 0x00000007c0000000)
  eden space 33280K, 0% used [0x0000000795580000,0x0000000795580000,0x0000000797600000)
  from space 5120K, 99% used [0x0000000797b00000,0x0000000797ffc4d0,0x0000000798000000)
  to   space 5120K, 0% used [0x0000000797600000,0x0000000797600000,0x0000000797b00000)
 ParOldGen       total 87552K, used 3771K [0x0000000740000000, 0x0000000745580000, 0x0000000795580000)
  object space 87552K, 4% used [0x0000000740000000,0x00000007403aef60,0x0000000745580000)
 Metaspace       used 20893K, capacity 21155K, committed 21248K, reserved 1069056K
  class space    used 2155K, capacity 2260K, committed 2304K, reserved 1048576K
}
Event: 5.521 GC heap before
{Heap before GC invocations=3 (full 1):
 PSYoungGen      total 38400K, used 5105K [0x0000000795580000, 0x0000000798000000, 0x00000007c0000000)
  eden space 33280K, 0% used [0x0000000795580000,0x0000000795580000,0x0000000797600000)
  from space 5120K, 99% used [0x0000000797b00000,0x0000000797ffc4d0,0x0000000798000000)
  to   space 5120K, 0% used [0x0000000797600000,0x0000000797600000,0x0000000797b00000)
 ParOldGen       total 87552K, used 3771K [0x0000000740000000, 0x0000000745580000, 0x0000000795580000)
  object space 87552K, 4% used [0x0000000740000000,0x00000007403aef60,0x0000000745580000)
 Metaspace       used 20893K, capacity 21155K, committed 21248K, reserved 1069056K
  class space    used 2155K, capacity 2260K, committed 2304K, reserved 1048576K
Event: 5.543 GC heap after
Heap after GC invocations=3 (full 1):
 PSYoungGen      total 38400K, used 0K [0x0000000795580000, 0x0000000798000000, 0x00000007c0000000)
  eden space 33280K, 0% used [0x0000000795580000,0x0000000795580000,0x0000000797600000)
  from space 5120K, 0% used [0x0000000797b00000,0x0000000797b00000,0x0000000798000000)
  to   space 5120K, 0% used [0x0000000797600000,0x0000000797600000,0x0000000797b00000)
 ParOldGen       total 57856K, used 8624K [0x0000000740000000, 0x0000000743880000, 0x0000000795580000)
  object space 57856K, 14% used [0x0000000740000000,0x000000074086c178,0x0000000743880000)
 Metaspace       used 20893K, capacity 21155K, committed 21248K, reserved 1069056K
  class space    used 2155K, capacity 2260K, committed 2304K, reserved 1048576K
}
Event: 6.385 GC heap before
{Heap before GC invocations=4 (full 1):
 PSYoungGen      total 38400K, used 33089K [0x0000000795580000, 0x0000000798000000, 0x00000007c0000000)
  eden space 33280K, 99% used [0x0000000795580000,0x00000007975d0468,0x0000000797600000)
  from space 5120K, 0% used [0x0000000797b00000,0x0000000797b00000,0x0000000798000000)
  to   space 5120K, 0% used [0x0000000797600000,0x0000000797600000,0x0000000797b00000)
 ParOldGen       total 57856K, used 8624K [0x0000000740000000, 0x0000000743880000, 0x0000000795580000)
  object space 57856K, 14% used [0x0000000740000000,0x000000074086c178,0x0000000743880000)
 Metaspace       used 23362K, capacity 23625K, committed 23808K, reserved 1071104K
  class space    used 2374K, capacity 2485K, committed 2560K, reserved 1048576K
Event: 6.391 GC heap after
Heap after GC invocations=4 (full 1):
 PSYoungGen      total 38400K, used 5104K [0x0000000795580000, 0x0000000799600000, 0x00000007c0000000)
  eden space 33280K, 0% used [0x0000000795580000,0x0000000795580000,0x0000000797600000)
  from space 5120K, 99% used [0x0000000797600000,0x0000000797afc1a0,0x0000000797b00000)
  to   space 5120K, 0% used [0x0000000799100000,0x0000000799100000,0x0000000799600000)
 ParOldGen       total 57856K, used 16564K [0x0000000740000000, 0x0000000743880000, 0x0000000795580000)
  object space 57856K, 28% used [0x0000000740000000,0x000000074102d0b0,0x0000000743880000)
 Metaspace       used 23362K, capacity 23625K, committed 23808K, reserved 1071104K
  class space    used 2374K, capacity 2485K, committed 2560K, reserved 1048576K
}
Event: 13.752 GC heap before
{Heap before GC invocations=5 (full 1):
 PSYoungGen      total 38400K, used 38384K [0x0000000795580000, 0x0000000799600000, 0x00000007c0000000)
  eden space 33280K, 100% used [0x0000000795580000,0x0000000797600000,0x0000000797600000)
  from space 5120K, 99% used [0x0000000797600000,0x0000000797afc1a0,0x0000000797b00000)
  to   space 5120K, 0% used [0x0000000799100000,0x0000000799100000,0x0000000799600000)
 ParOldGen       total 57856K, used 16564K [0x0000000740000000, 0x0000000743880000, 0x0000000795580000)
  object space 57856K, 28% used [0x0000000740000000,0x000000074102d0b0,0x0000000743880000)
 Metaspace       used 23987K, capacity 24271K, committed 24576K, reserved 1071104K
  class space    used 2375K, capacity 2486K, committed 2560K, reserved 1048576K
Event: 13.769 GC heap after
Heap after GC invocations=5 (full 1):
 PSYoungGen      total 59392K, used 4944K [0x0000000795580000, 0x0000000799600000, 0x00000007c0000000)
  eden space 54272K, 0% used [0x0000000795580000,0x0000000795580000,0x0000000798a80000)
  from space 5120K, 96% used [0x0000000799100000,0x00000007995d4190,0x0000000799600000)
  to   space 5120K, 0% used [0x0000000798c00000,0x0000000798c00000,0x0000000799100000)
 ParOldGen       total 57856K, used 16564K [0x0000000740000000, 0x0000000743880000, 0x0000000795580000)
  object space 57856K, 28% used [0x0000000740000000,0x000000074102d0b0,0x0000000743880000)
 Metaspace       used 23987K, capacity 24271K, committed 24576K, reserved 1071104K
  class space    used 2375K, capacity 2486K, committed 2560K, reserved 1048576K
}

