# JRE version: Java(TM) SE Runtime Environment (8.0_65-b17) (build 1.8.0_65-b17)
# Java VM: Java HotSpot(TM) 64-Bit Server VM (25.65-b01 mixed mode bsd-amd64 compressed oops)
Heap:
 PSYoungGen      total 37888K, used 10735K [0x0000000795580000, 0x0000000799300000, 0x00000007c0000000)
  eden space 32768K, 17% used [0x0000000795580000,0x0000000795b03d80,0x0000000797580000)
  from space 5120K, 99% used [0x0000000797600000,0x0000000797af8150,0x0000000797b00000)
  to   space 14336K, 0% used [0x0000000798500000,0x0000000798500000,0x0000000799300000)
 ParOldGen       total 54784K, used 24503K [0x0000000740000000, 0x0000000743580000, 0x0000000795580000)
  object space 54784K, 44% used [0x0000000740000000,0x00000007417edd78,0x0000000743580000)
 Metaspace       used 24108K, capacity 24335K, committed 24576K, reserved 1071104K
  class space    used 2383K, capacity 2486K, committed 2560K, reserved 1048576K
GC Heap History (10 events):
Event: 7.013 GC heap before
{Heap before GC invocations=2 (full 0):
 PSYoungGen      total 38400K, used 29787K [0x0000000795580000, 0x0000000798000000, 0x00000007c0000000)
  eden space 33280K, 74% used [0x0000000795580000,0x0000000796daf600,0x0000000797600000)
  from space 5120K, 98% used [0x0000000797600000,0x0000000797ae7858,0x0000000797b00000)
  to   space 5120K, 0% used [0x0000000797b00000,0x0000000797b00000,0x0000000798000000)
 ParOldGen       total 87552K, used 8K [0x0000000740000000, 0x0000000745580000, 0x0000000795580000)
  object space 87552K, 0% used [0x0000000740000000,0x0000000740002000,0x0000000745580000)
 Metaspace       used 20893K, capacity 21151K, committed 21248K, reserved 1069056K
  class space    used 2155K, capacity 2260K, committed 2304K, reserved 1048576K
Event: 7.032 GC heap after
Heap after GC invocations=2 (full 0):
 PSYoungGen      total 38400K, used 5091K [0x0000000795580000, 0x0000000798000000, 0x00000007c0000000)
  eden space 33280K, 0% used [0x0000000795580000,0x0000000795580000,0x0000000797600000)
  from space 5120K, 99% used [0x0000000797b00000,0x0000000797ff8c00,0x0000000798000000)
  to   space 5120K, 0% used [0x0000000797600000,0x0000000797600000,0x0000000797b00000)
 ParOldGen       total 87552K, used 3751K [0x0000000740000000, 0x0000000745580000, 0x0000000795580000)
  object space 87552K, 4% used [0x0000000740000000,0x00000007403a9d50,0x0000000745580000)
 Metaspace       used 20893K, capacity 21151K, committed 21248K, reserved 1069056K
  class space    used 2155K, capacity 2260K, committed 2304K, reserved 1048576K
}
Event: 7.033 GC heap before
{Heap before GC invocations=3 (full 1):
 PSYoungGen      total 38400K, used 5091K [0x0000000795580000, 0x0000000798000000, 0x00000007c0000000)
  eden space 33280K, 0% used [0x0000000795580000,0x0000000795580000,0x0000000797600000)
  from space 5120K, 99% used [0x0000000797b00000,0x0000000797ff8c00,0x0000000798000000)
  to   space 5120K, 0% used [0x0000000797600000,0x0000000797600000,0x0000000797b00000)
 ParOldGen       total 87552K, used 3751K [0x0000000740000000, 0x0000000745580000, 0x0000000795580000)
  object space 87552K, 4% used [0x0000000740000000,0x00000007403a9d50,0x0000000745580000)
 Metaspace       used 20893K, capacity 21151K, committed 21248K, reserved 1069056K
  class space    used 2155K, capacity 2260K, committed 2304K, reserved 1048576K
Event: 7.055 GC heap after
Heap after GC invocations=3 (full 1):
 PSYoungGen      total 38400K, used 0K [0x0000000795580000, 0x0000000798000000, 0x00000007c0000000)
  eden space 33280K, 0% used [0x0000000795580000,0x0000000795580000,0x0000000797600000)
  from space 5120K, 0% used [0x0000000797b00000,0x0000000797b00000,0x0000000798000000)
  to   space 5120K, 0% used [0x0000000797600000,0x0000000797600000,0x0000000797b00000)
 ParOldGen       total 54784K, used 8601K [0x0000000740000000, 0x0000000743580000, 0x0000000795580000)
  object space 54784K, 15% used [0x0000000740000000,0x0000000740866610,0x0000000743580000)
 Metaspace       used 20893K, capacity 21151K, committed 21248K, reserved 1069056K
  class space    used 2155K, capacity 2260K, committed 2304K, reserved 1048576K
}
Event: 8.791 GC heap before
{Heap before GC invocations=4 (full 1):
 PSYoungGen      total 38400K, used 33280K [0x0000000795580000, 0x0000000798000000, 0x00000007c0000000)
  eden space 33280K, 100% used [0x0000000795580000,0x0000000797600000,0x0000000797600000)
  from space 5120K, 0% used [0x0000000797b00000,0x0000000797b00000,0x0000000798000000)
  to   space 5120K, 0% used [0x0000000797600000,0x0000000797600000,0x0000000797b00000)
 ParOldGen       total 54784K, used 8601K [0x0000000740000000, 0x0000000743580000, 0x0000000795580000)
  object space 54784K, 15% used [0x0000000740000000,0x0000000740866610,0x0000000743580000)
 Metaspace       used 23534K, capacity 23817K, committed 24064K, reserved 1071104K
  class space    used 2373K, capacity 2485K, committed 2560K, reserved 1048576K
Event: 8.800 GC heap after
Heap after GC invocations=4 (full 1):
 PSYoungGen      total 38400K, used 5104K [0x0000000795580000, 0x0000000799780000, 0x00000007c0000000)
  eden space 33280K, 0% used [0x0000000795580000,0x0000000795580000,0x0000000797600000)
  from space 5120K, 99% used [0x0000000797600000,0x0000000797afc1a0,0x0000000797b00000)
  to   space 5120K, 0% used [0x0000000799280000,0x0000000799280000,0x0000000799780000)
 ParOldGen       total 54784K, used 16840K [0x0000000740000000, 0x0000000743580000, 0x0000000795580000)
  object space 54784K, 30% used [0x0000000740000000,0x00000007410720e8,0x0000000743580000)
 Metaspace       used 23534K, capacity 23817K, committed 24064K, reserved 1071104K
  class space    used 2373K, capacity 2485K, committed 2560K, reserved 1048576K
}
Event: 14.735 GC heap before
{Heap before GC invocations=5 (full 1):
 PSYoungGen      total 38400K, used 38384K [0x0000000795580000, 0x0000000799780000, 0x00000007c0000000)
  eden space 33280K, 100% used [0x0000000795580000,0x0000000797600000,0x0000000797600000)
  from space 5120K, 99% used [0x0000000797600000,0x0000000797afc1a0,0x0000000797b00000)
  to   space 5120K, 0% used [0x0000000799280000,0x0000000799280000,0x0000000799780000)
 ParOldGen       total 54784K, used 16840K [0x0000000740000000, 0x0000000743580000, 0x0000000795580000)
  object space 54784K, 30% used [0x0000000740000000,0x00000007410720e8,0x0000000743580000)
 Metaspace       used 24029K, capacity 24335K, committed 24576K, reserved 1071104K
  class space    used 2374K, capacity 2486K, committed 2560K, reserved 1048576K
Event: 14.744 GC heap after
Heap after GC invocations=5 (full 1):
 PSYoungGen      total 38400K, used 5104K [0x0000000795580000, 0x0000000799780000, 0x00000007c0000000)
  eden space 33280K, 0% used [0x0000000795580000,0x0000000795580000,0x0000000797600000)
  from space 5120K, 99% used [0x0000000799280000,0x000000079977c160,0x0000000799780000)
  to   space 5120K, 0% used [0x0000000797600000,0x0000000797600000,0x0000000797b00000)
 ParOldGen       total 54784K, used 19397K [0x0000000740000000, 0x0000000743580000, 0x0000000795580000)
  object space 54784K, 35% used [0x0000000740000000,0x00000007412f17e8,0x0000000743580000)
 Metaspace       used 24029K, capacity 24335K, committed 24576K, reserved 1071104K
  class space    used 2374K, capacity 2486K, committed 2560K, reserved 1048576K
}
Event: 18.637 GC heap before
{Heap before GC invocations=6 (full 1):
 PSYoungGen      total 38400K, used 38384K [0x0000000795580000, 0x0000000799780000, 0x00000007c0000000)
  eden space 33280K, 100% used [0x0000000795580000,0x0000000797600000,0x0000000797600000)
  from space 5120K, 99% used [0x0000000799280000,0x000000079977c160,0x0000000799780000)
  to   space 5120K, 0% used [0x0000000797600000,0x0000000797600000,0x0000000797b00000)
 ParOldGen       total 54784K, used 19397K [0x0000000740000000, 0x0000000743580000, 0x0000000795580000)
  object space 54784K, 35% used [0x0000000740000000,0x00000007412f17e8,0x0000000743580000)
 Metaspace       used 24072K, capacity 24335K, committed 24576K, reserved 1071104K
  class space    used 2376K, capacity 2486K, committed 2560K, reserved 1048576K
Event: 18.649 GC heap after
Heap after GC invocations=6 (full 1):
 PSYoungGen      total 37888K, used 5088K [0x0000000795580000, 0x0000000799300000, 0x00000007c0000000)
  eden space 32768K, 0% used [0x0000000795580000,0x0000000795580000,0x0000000797580000)
  from space 5120K, 99% used [0x0000000797600000,0x0000000797af8150,0x0000000797b00000)
  to   space 14336K, 0% used [0x0000000798500000,0x0000000798500000,0x0000000799300000)
 ParOldGen       total 54784K, used 24503K [0x0000000740000000, 0x0000000743580000, 0x0000000795580000)
  object space 54784K, 44% used [0x0000000740000000,0x00000007417edd78,0x0000000743580000)
 Metaspace       used 24072K, capacity 24335K, committed 24576K, reserved 1071104K
  class space    used 2376K, capacity 2486K, committed 2560K, reserved 1048576K
}

