# JRE version: Java(TM) SE Runtime Environment (8.0_65-b17) (build 1.8.0_65-b17)
# Java VM: Java HotSpot(TM) 64-Bit Server VM (25.65-b01 mixed mode bsd-amd64 compressed oops)
Heap:
 PSYoungGen      total 146944K, used 123976K [0x0000000795580000, 0x000000079fc80000, 0x00000007c0000000)
  eden space 130560K, 82% used [0x0000000795580000,0x000000079bec1370,0x000000079d500000)
  from space 16384K, 98% used [0x000000079e780000,0x000000079f750f60,0x000000079f780000)
  to   space 18944K, 0% used [0x000000079d500000,0x000000079d500000,0x000000079e780000)
 ParOldGen       total 87552K, used 24379K [0x0000000740000000, 0x0000000745580000, 0x0000000795580000)
  object space 87552K, 27% used [0x0000000740000000,0x00000007417cef48,0x0000000745580000)
 Metaspace       used 19602K, capacity 19769K, committed 19968K, reserved 1067008K
  class space    used 1896K, capacity 1955K, committed 2048K, reserved 1048576K
GC Heap History (10 events):
Event: 6.703 GC heap before
{Heap before GC invocations=2 (full 0):
 PSYoungGen      total 38400K, used 38283K [0x0000000795580000, 0x0000000798000000, 0x00000007c0000000)
  eden space 33280K, 100% used [0x0000000795580000,0x0000000797600000,0x0000000797600000)
  from space 5120K, 97% used [0x0000000797600000,0x0000000797ae2f88,0x0000000797b00000)
  to   space 5120K, 0% used [0x0000000797b00000,0x0000000797b00000,0x0000000798000000)
 ParOldGen       total 87552K, used 8K [0x0000000740000000, 0x0000000745580000, 0x0000000795580000)
  object space 87552K, 0% used [0x0000000740000000,0x0000000740002000,0x0000000745580000)
 Metaspace       used 18554K, capacity 18745K, committed 18944K, reserved 1067008K
  class space    used 1888K, capacity 1955K, committed 2048K, reserved 1048576K
Event: 6.719 GC heap after
Heap after GC invocations=2 (full 0):
 PSYoungGen      total 38400K, used 5107K [0x0000000795580000, 0x0000000798000000, 0x00000007c0000000)
  eden space 33280K, 0% used [0x0000000795580000,0x0000000795580000,0x0000000797600000)
  from space 5120K, 99% used [0x0000000797b00000,0x0000000797ffcce0,0x0000000798000000)
  to   space 5120K, 0% used [0x0000000797600000,0x0000000797600000,0x0000000797b00000)
 ParOldGen       total 87552K, used 7282K [0x0000000740000000, 0x0000000745580000, 0x0000000795580000)
  object space 87552K, 8% used [0x0000000740000000,0x000000074071cb08,0x0000000745580000)
 Metaspace       used 18554K, capacity 18745K, committed 18944K, reserved 1067008K
  class space    used 1888K, capacity 1955K, committed 2048K, reserved 1048576K
}
Event: 8.033 GC heap before
{Heap before GC invocations=3 (full 0):
 PSYoungGen      total 38400K, used 38387K [0x0000000795580000, 0x0000000798000000, 0x00000007c0000000)
  eden space 33280K, 100% used [0x0000000795580000,0x0000000797600000,0x0000000797600000)
  from space 5120K, 99% used [0x0000000797b00000,0x0000000797ffcce0,0x0000000798000000)
  to   space 5120K, 0% used [0x0000000797600000,0x0000000797600000,0x0000000797b00000)
 ParOldGen       total 87552K, used 7282K [0x0000000740000000, 0x0000000745580000, 0x0000000795580000)
  object space 87552K, 8% used [0x0000000740000000,0x000000074071cb08,0x0000000745580000)
 Metaspace       used 18837K, capacity 19065K, committed 19200K, reserved 1067008K
  class space    used 1888K, capacity 1955K, committed 2048K, reserved 1048576K
Event: 8.059 GC heap after
Heap after GC invocations=3 (full 0):
 PSYoungGen      total 38400K, used 5091K [0x0000000795580000, 0x000000079a080000, 0x00000007c0000000)
  eden space 33280K, 0% used [0x0000000795580000,0x0000000795580000,0x0000000797600000)
  from space 5120K, 99% used [0x0000000797600000,0x0000000797af8cb0,0x0000000797b00000)
  to   space 5120K, 0% used [0x0000000799b80000,0x0000000799b80000,0x000000079a080000)
 ParOldGen       total 87552K, used 11234K [0x0000000740000000, 0x0000000745580000, 0x0000000795580000)
  object space 87552K, 12% used [0x0000000740000000,0x0000000740af8bf8,0x0000000745580000)
 Metaspace       used 18837K, capacity 19065K, committed 19200K, reserved 1067008K
  class space    used 1888K, capacity 1955K, committed 2048K, reserved 1048576K
}
Event: 14.156 GC heap before
{Heap before GC invocations=4 (full 0):
 PSYoungGen      total 38400K, used 38371K [0x0000000795580000, 0x000000079a080000, 0x00000007c0000000)
  eden space 33280K, 100% used [0x0000000795580000,0x0000000797600000,0x0000000797600000)
  from space 5120K, 99% used [0x0000000797600000,0x0000000797af8cb0,0x0000000797b00000)
  to   space 5120K, 0% used [0x0000000799b80000,0x0000000799b80000,0x000000079a080000)
 ParOldGen       total 87552K, used 11234K [0x0000000740000000, 0x0000000745580000, 0x0000000795580000)
  object space 87552K, 12% used [0x0000000740000000,0x0000000740af8bf8,0x0000000745580000)
 Metaspace       used 19249K, capacity 19449K, committed 19712K, reserved 1067008K
  class space    used 1889K, capacity 1955K, committed 2048K, reserved 1048576K
Event: 14.177 GC heap after
Heap after GC invocations=4 (full 0):
 PSYoungGen      total 71680K, used 5112K [0x0000000795580000, 0x000000079a080000, 0x00000007c0000000)
  eden space 66560K, 0% used [0x0000000795580000,0x0000000795580000,0x0000000799680000)
  from space 5120K, 99% used [0x0000000799b80000,0x000000079a07e288,0x000000079a080000)
  to   space 5120K, 0% used [0x0000000799680000,0x0000000799680000,0x0000000799b80000)
 ParOldGen       total 87552K, used 13843K [0x0000000740000000, 0x0000000745580000, 0x0000000795580000)
  object space 87552K, 15% used [0x0000000740000000,0x0000000740d84c98,0x0000000745580000)
 Metaspace       used 19249K, capacity 19449K, committed 19712K, reserved 1067008K
  class space    used 1889K, capacity 1955K, committed 2048K, reserved 1048576K
}
Event: 15.222 GC heap before
{Heap before GC invocations=5 (full 0):
 PSYoungGen      total 71680K, used 71672K [0x0000000795580000, 0x000000079a080000, 0x00000007c0000000)
  eden space 66560K, 100% used [0x0000000795580000,0x0000000799680000,0x0000000799680000)
  from space 5120K, 99% used [0x0000000799b80000,0x000000079a07e288,0x000000079a080000)
  to   space 5120K, 0% used [0x0000000799680000,0x0000000799680000,0x0000000799b80000)
 ParOldGen       total 87552K, used 13843K [0x0000000740000000, 0x0000000745580000, 0x0000000795580000)
  object space 87552K, 15% used [0x0000000740000000,0x0000000740d84c98,0x0000000745580000)
 Metaspace       used 19316K, capacity 19513K, committed 19712K, reserved 1067008K
  class space    used 1889K, capacity 1955K, committed 2048K, reserved 1048576K
Event: 15.244 GC heap after
Heap after GC invocations=5 (full 0):
 PSYoungGen      total 71680K, used 5107K [0x0000000795580000, 0x000000079f780000, 0x00000007c0000000)
  eden space 66560K, 0% used [0x0000000795580000,0x0000000795580000,0x0000000799680000)
  from space 5120K, 99% used [0x0000000799680000,0x0000000799b7cca0,0x0000000799b80000)
  to   space 16384K, 0% used [0x000000079e780000,0x000000079e780000,0x000000079f780000)
 ParOldGen       total 87552K, used 24379K [0x0000000740000000, 0x0000000745580000, 0x0000000795580000)
  object space 87552K, 27% used [0x0000000740000000,0x00000007417cef48,0x0000000745580000)
 Metaspace       used 19316K, capacity 19513K, committed 19712K, reserved 1067008K
  class space    used 1889K, capacity 1955K, committed 2048K, reserved 1048576K
}
Event: 16.569 GC heap before
{Heap before GC invocations=6 (full 0):
 PSYoungGen      total 71680K, used 71505K [0x0000000795580000, 0x000000079f780000, 0x00000007c0000000)
  eden space 66560K, 99% used [0x0000000795580000,0x0000000799657900,0x0000000799680000)
  from space 5120K, 99% used [0x0000000799680000,0x0000000799b7cca0,0x0000000799b80000)
  to   space 16384K, 0% used [0x000000079e780000,0x000000079e780000,0x000000079f780000)
 ParOldGen       total 87552K, used 24379K [0x0000000740000000, 0x0000000745580000, 0x0000000795580000)
  object space 87552K, 27% used [0x0000000740000000,0x00000007417cef48,0x0000000745580000)
 Metaspace       used 19455K, capacity 19641K, committed 19968K, reserved 1067008K
  class space    used 1889K, capacity 1955K, committed 2048K, reserved 1048576K
Event: 16.598 GC heap after
Heap after GC invocations=6 (full 0):
 PSYoungGen      total 146944K, used 16195K [0x0000000795580000, 0x000000079fc80000, 0x00000007c0000000)
  eden space 130560K, 0% used [0x0000000795580000,0x0000000795580000,0x000000079d500000)
  from space 16384K, 98% used [0x000000079e780000,0x000000079f750f60,0x000000079f780000)
  to   space 18944K, 0% used [0x000000079d500000,0x000000079d500000,0x000000079e780000)
 ParOldGen       total 87552K, used 24379K [0x0000000740000000, 0x0000000745580000, 0x0000000795580000)
  object space 87552K, 27% used [0x0000000740000000,0x00000007417cef48,0x0000000745580000)
 Metaspace       used 19455K, capacity 19641K, committed 19968K, reserved 1067008K
  class space    used 1889K, capacity 1955K, committed 2048K, reserved 1048576K
}

