# JRE version: Java(TM) SE Runtime Environment (8.0_65-b17) (build 1.8.0_65-b17)
# Java VM: Java HotSpot(TM) 64-Bit Server VM (25.65-b01 mixed mode bsd-amd64 compressed oops)
Heap:
 PSYoungGen      total 103936K, used 84545K [0x0000000795580000, 0x000000079e900000, 0x00000007c0000000)
  eden space 70144K, 72% used [0x0000000795580000,0x0000000798717ec8,0x0000000799a00000)
  from space 33792K, 99% used [0x000000079c000000,0x000000079e0f8830,0x000000079e100000)
  to   space 38912K, 0% used [0x0000000799a00000,0x0000000799a00000,0x000000079c000000)
 ParOldGen       total 110080K, used 65178K [0x0000000740000000, 0x0000000746b80000, 0x0000000795580000)
  object space 110080K, 59% used [0x0000000740000000,0x0000000743fa6858,0x0000000746b80000)
 Metaspace       used 24694K, capacity 24919K, committed 25088K, reserved 1071104K
  class space    used 2381K, capacity 2486K, committed 2560K, reserved 1048576K
GC Heap History (10 events):
Event: 33.052 GC heap before
{Heap before GC invocations=8 (full 1):
 PSYoungGen      total 97792K, used 97760K [0x0000000795580000, 0x000000079cb80000, 0x00000007c0000000)
  eden space 83968K, 100% used [0x0000000795580000,0x000000079a780000,0x000000079a780000)
  from space 13824K, 99% used [0x000000079b800000,0x000000079c578340,0x000000079c580000)
  to   space 16896K, 0% used [0x000000079a780000,0x000000079a780000,0x000000079b800000)
 ParOldGen       total 55808K, used 26558K [0x0000000740000000, 0x0000000743680000, 0x0000000795580000)
  object space 55808K, 47% used [0x0000000740000000,0x00000007419ef950,0x0000000743680000)
 Metaspace       used 24484K, capacity 24791K, committed 25088K, reserved 1071104K
  class space    used 2372K, capacity 2486K, committed 2560K, reserved 1048576K
Event: 33.065 GC heap after
Heap after GC invocations=8 (full 1):
 PSYoungGen      total 98304K, used 16865K [0x0000000795580000, 0x000000079d700000, 0x00000007c0000000)
  eden space 81408K, 0% used [0x0000000795580000,0x0000000795580000,0x000000079a500000)
  from space 16896K, 99% used [0x000000079a780000,0x000000079b7f8420,0x000000079b800000)
  to   space 25600K, 0% used [0x000000079be00000,0x000000079be00000,0x000000079d700000)
 ParOldGen       total 55808K, used 39183K [0x0000000740000000, 0x0000000743680000, 0x0000000795580000)
  object space 55808K, 70% used [0x0000000740000000,0x0000000742643c60,0x0000000743680000)
 Metaspace       used 24484K, capacity 24791K, committed 25088K, reserved 1071104K
  class space    used 2372K, capacity 2486K, committed 2560K, reserved 1048576K
}
Event: 37.520 GC heap before
{Heap before GC invocations=9 (full 1):
 PSYoungGen      total 98304K, used 98273K [0x0000000795580000, 0x000000079d700000, 0x00000007c0000000)
  eden space 81408K, 100% used [0x0000000795580000,0x000000079a500000,0x000000079a500000)
  from space 16896K, 99% used [0x000000079a780000,0x000000079b7f8420,0x000000079b800000)
  to   space 25600K, 0% used [0x000000079be00000,0x000000079be00000,0x000000079d700000)
 ParOldGen       total 55808K, used 39183K [0x0000000740000000, 0x0000000743680000, 0x0000000795580000)
  object space 55808K, 70% used [0x0000000740000000,0x0000000742643c60,0x0000000743680000)
 Metaspace       used 24513K, capacity 24791K, committed 25088K, reserved 1071104K
  class space    used 2372K, capacity 2486K, committed 2560K, reserved 1048576K
Event: 37.531 GC heap after
Heap after GC invocations=9 (full 1):
 PSYoungGen      total 102912K, used 25505K [0x0000000795580000, 0x000000079dc80000, 0x00000007c0000000)
  eden space 77312K, 0% used [0x0000000795580000,0x0000000795580000,0x000000079a100000)
  from space 25600K, 99% used [0x000000079be00000,0x000000079d6e8650,0x000000079d700000)
  to   space 29696K, 0% used [0x000000079a100000,0x000000079a100000,0x000000079be00000)
 ParOldGen       total 55808K, used 46115K [0x0000000740000000, 0x0000000743680000, 0x0000000795580000)
  object space 55808K, 82% used [0x0000000740000000,0x0000000742d08d48,0x0000000743680000)
 Metaspace       used 24513K, capacity 24791K, committed 25088K, reserved 1071104K
  class space    used 2372K, capacity 2486K, committed 2560K, reserved 1048576K
}
Event: 37.531 GC heap before
{Heap before GC invocations=10 (full 2):
 PSYoungGen      total 102912K, used 25505K [0x0000000795580000, 0x000000079dc80000, 0x00000007c0000000)
  eden space 77312K, 0% used [0x0000000795580000,0x0000000795580000,0x000000079a100000)
  from space 25600K, 99% used [0x000000079be00000,0x000000079d6e8650,0x000000079d700000)
  to   space 29696K, 0% used [0x000000079a100000,0x000000079a100000,0x000000079be00000)
 ParOldGen       total 55808K, used 46115K [0x0000000740000000, 0x0000000743680000, 0x0000000795580000)
  object space 55808K, 82% used [0x0000000740000000,0x0000000742d08d48,0x0000000743680000)
 Metaspace       used 24513K, capacity 24791K, committed 25088K, reserved 1071104K
  class space    used 2372K, capacity 2486K, committed 2560K, reserved 1048576K
Event: 37.587 GC heap after
Heap after GC invocations=10 (full 2):
 PSYoungGen      total 102912K, used 11599K [0x0000000795580000, 0x000000079dc80000, 0x00000007c0000000)
  eden space 77312K, 0% used [0x0000000795580000,0x0000000795580000,0x000000079a100000)
  from space 25600K, 45% used [0x000000079be00000,0x000000079c953cc0,0x000000079d700000)
  to   space 29696K, 0% used [0x000000079a100000,0x000000079a100000,0x000000079be00000)
 ParOldGen       total 110080K, used 55417K [0x0000000740000000, 0x0000000746b80000, 0x0000000795580000)
  object space 110080K, 50% used [0x0000000740000000,0x000000074361e5f8,0x0000000746b80000)
 Metaspace       used 24513K, capacity 24791K, committed 25088K, reserved 1071104K
  class space    used 2372K, capacity 2486K, committed 2560K, reserved 1048576K
}
Event: 39.003 GC heap before
{Heap before GC invocations=11 (full 2):
 PSYoungGen      total 102912K, used 88904K [0x0000000795580000, 0x000000079dc80000, 0x00000007c0000000)
  eden space 77312K, 99% used [0x0000000795580000,0x000000079a0fe620,0x000000079a100000)
  from space 25600K, 45% used [0x000000079be00000,0x000000079c953cc0,0x000000079d700000)
  to   space 29696K, 0% used [0x000000079a100000,0x000000079a100000,0x000000079be00000)
 ParOldGen       total 110080K, used 55417K [0x0000000740000000, 0x0000000746b80000, 0x0000000795580000)
  object space 110080K, 50% used [0x0000000740000000,0x000000074361e5f8,0x0000000746b80000)
 Metaspace       used 24628K, capacity 24919K, committed 25088K, reserved 1071104K
  class space    used 2372K, capacity 2486K, committed 2560K, reserved 1048576K
Event: 39.008 GC heap after
Heap after GC invocations=11 (full 2):
 PSYoungGen      total 104960K, used 28929K [0x0000000795580000, 0x000000079e100000, 0x00000007c0000000)
  eden space 75264K, 0% used [0x0000000795580000,0x0000000795580000,0x0000000799f00000)
  from space 29696K, 97% used [0x000000079a100000,0x000000079bd40710,0x000000079be00000)
  to   space 33792K, 0% used [0x000000079c000000,0x000000079c000000,0x000000079e100000)
 ParOldGen       total 110080K, used 55417K [0x0000000740000000, 0x0000000746b80000, 0x0000000795580000)
  object space 110080K, 50% used [0x0000000740000000,0x000000074361e5f8,0x0000000746b80000)
 Metaspace       used 24628K, capacity 24919K, committed 25088K, reserved 1071104K
  class space    used 2372K, capacity 2486K, committed 2560K, reserved 1048576K
}
Event: 40.842 GC heap before
{Heap before GC invocations=12 (full 2):
 PSYoungGen      total 104960K, used 104136K [0x0000000795580000, 0x000000079e100000, 0x00000007c0000000)
  eden space 75264K, 99% used [0x0000000795580000,0x0000000799ef1ac0,0x0000000799f00000)
  from space 29696K, 97% used [0x000000079a100000,0x000000079bd40710,0x000000079be00000)
  to   space 33792K, 0% used [0x000000079c000000,0x000000079c000000,0x000000079e100000)
 ParOldGen       total 110080K, used 55417K [0x0000000740000000, 0x0000000746b80000, 0x0000000795580000)
  object space 110080K, 50% used [0x0000000740000000,0x000000074361e5f8,0x0000000746b80000)
 Metaspace       used 24644K, capacity 24919K, committed 25088K, reserved 1071104K
  class space    used 2373K, capacity 2486K, committed 2560K, reserved 1048576K
Event: 40.851 GC heap after
Heap after GC invocations=12 (full 2):
 PSYoungGen      total 103936K, used 33762K [0x0000000795580000, 0x000000079e900000, 0x00000007c0000000)
  eden space 70144K, 0% used [0x0000000795580000,0x0000000795580000,0x0000000799a00000)
  from space 33792K, 99% used [0x000000079c000000,0x000000079e0f8830,0x000000079e100000)
  to   space 38912K, 0% used [0x0000000799a00000,0x0000000799a00000,0x000000079c000000)
 ParOldGen       total 110080K, used 65178K [0x0000000740000000, 0x0000000746b80000, 0x0000000795580000)
  object space 110080K, 59% used [0x0000000740000000,0x0000000743fa6858,0x0000000746b80000)
 Metaspace       used 24644K, capacity 24919K, committed 25088K, reserved 1071104K
  class space    used 2373K, capacity 2486K, committed 2560K, reserved 1048576K
}

