# JRE version: Java(TM) SE Runtime Environment (8.0_65-b17) (build 1.8.0_65-b17)
# Java VM: Java HotSpot(TM) 64-Bit Server VM (25.65-b01 mixed mode bsd-amd64 compressed oops)
Heap:
 PSYoungGen      total 38400K, used 32634K [0x0000000795580000, 0x0000000799500000, 0x00000007c0000000)
  eden space 33280K, 82% used [0x0000000795580000,0x0000000797062770,0x0000000797600000)
  from space 5120K, 99% used [0x0000000797600000,0x0000000797afc1b0,0x0000000797b00000)
  to   space 5120K, 0% used [0x0000000799000000,0x0000000799000000,0x0000000799500000)
 ParOldGen       total 57856K, used 16441K [0x0000000740000000, 0x0000000743880000, 0x0000000795580000)
  object space 57856K, 28% used [0x0000000740000000,0x000000074100e7e0,0x0000000743880000)
 Metaspace       used 23907K, capacity 24143K, committed 24320K, reserved 1071104K
  class space    used 2378K, capacity 2486K, committed 2560K, reserved 1048576K
GC Heap History (8 events):
Event: 4.250 GC heap before
{Heap before GC invocations=1 (full 0):
 PSYoungGen      total 38400K, used 33280K [0x0000000795580000, 0x0000000798000000, 0x00000007c0000000)
  eden space 33280K, 100% used [0x0000000795580000,0x0000000797600000,0x0000000797600000)
  from space 5120K, 0% used [0x0000000797b00000,0x0000000797b00000,0x0000000798000000)
  to   space 5120K, 0% used [0x0000000797600000,0x0000000797600000,0x0000000797b00000)
 ParOldGen       total 87552K, used 0K [0x0000000740000000, 0x0000000745580000, 0x0000000795580000)
  object space 87552K, 0% used [0x0000000740000000,0x0000000740000000,0x0000000745580000)
 Metaspace       used 16102K, capacity 16323K, committed 16640K, reserved 1064960K
  class space    used 1646K, capacity 1728K, committed 1792K, reserved 1048576K
Event: 4.269 GC heap after
Heap after GC invocations=1 (full 0):
 PSYoungGen      total 38400K, used 5018K [0x0000000795580000, 0x0000000798000000, 0x00000007c0000000)
  eden space 33280K, 0% used [0x0000000795580000,0x0000000795580000,0x0000000797600000)
  from space 5120K, 98% used [0x0000000797600000,0x0000000797ae68f8,0x0000000797b00000)
  to   space 5120K, 0% used [0x0000000797b00000,0x0000000797b00000,0x0000000798000000)
 ParOldGen       total 87552K, used 8K [0x0000000740000000, 0x0000000745580000, 0x0000000795580000)
  object space 87552K, 0% used [0x0000000740000000,0x0000000740002000,0x0000000745580000)
 Metaspace       used 16102K, capacity 16323K, committed 16640K, reserved 1064960K
  class space    used 1646K, capacity 1728K, committed 1792K, reserved 1048576K
}
Event: 5.325 GC heap before
{Heap before GC invocations=2 (full 0):
 PSYoungGen      total 38400K, used 30164K [0x0000000795580000, 0x0000000798000000, 0x00000007c0000000)
  eden space 33280K, 75% used [0x0000000795580000,0x0000000796e0e880,0x0000000797600000)
  from space 5120K, 98% used [0x0000000797600000,0x0000000797ae68f8,0x0000000797b00000)
  to   space 5120K, 0% used [0x0000000797b00000,0x0000000797b00000,0x0000000798000000)
 ParOldGen       total 87552K, used 8K [0x0000000740000000, 0x0000000745580000, 0x0000000795580000)
  object space 87552K, 0% used [0x0000000740000000,0x0000000740002000,0x0000000745580000)
 Metaspace       used 20890K, capacity 21151K, committed 21248K, reserved 1069056K
  class space    used 2153K, capacity 2260K, committed 2304K, reserved 1048576K
Event: 5.343 GC heap after
Heap after GC invocations=2 (full 0):
 PSYoungGen      total 38400K, used 5105K [0x0000000795580000, 0x000000079a080000, 0x00000007c0000000)
  eden space 33280K, 0% used [0x0000000795580000,0x0000000795580000,0x0000000797600000)
  from space 5120K, 99% used [0x0000000797b00000,0x0000000797ffc710,0x0000000798000000)
  to   space 5120K, 0% used [0x0000000797600000,0x0000000797600000,0x0000000797b00000)
 ParOldGen       total 87552K, used 3770K [0x0000000740000000, 0x0000000745580000, 0x0000000795580000)
  object space 87552K, 4% used [0x0000000740000000,0x00000007403aea28,0x0000000745580000)
 Metaspace       used 20890K, capacity 21151K, committed 21248K, reserved 1069056K
  class space    used 2153K, capacity 2260K, committed 2304K, reserved 1048576K
}
Event: 5.343 GC heap before
{Heap before GC invocations=3 (full 1):
 PSYoungGen      total 38400K, used 5105K [0x0000000795580000, 0x000000079a080000, 0x00000007c0000000)
  eden space 33280K, 0% used [0x0000000795580000,0x0000000795580000,0x0000000797600000)
  from space 5120K, 99% used [0x0000000797b00000,0x0000000797ffc710,0x0000000798000000)
  to   space 5120K, 0% used [0x0000000797600000,0x0000000797600000,0x0000000797b00000)
 ParOldGen       total 87552K, used 3770K [0x0000000740000000, 0x0000000745580000, 0x0000000795580000)
  object space 87552K, 4% used [0x0000000740000000,0x00000007403aea28,0x0000000745580000)
 Metaspace       used 20890K, capacity 21151K, committed 21248K, reserved 1069056K
  class space    used 2153K, capacity 2260K, committed 2304K, reserved 1048576K
Event: 5.369 GC heap after
Heap after GC invocations=3 (full 1):
 PSYoungGen      total 38400K, used 0K [0x0000000795580000, 0x000000079a080000, 0x00000007c0000000)
  eden space 33280K, 0% used [0x0000000795580000,0x0000000795580000,0x0000000797600000)
  from space 5120K, 0% used [0x0000000797b00000,0x0000000797b00000,0x0000000798000000)
  to   space 5120K, 0% used [0x0000000797600000,0x0000000797600000,0x0000000797b00000)
 ParOldGen       total 57856K, used 8601K [0x0000000740000000, 0x0000000743880000, 0x0000000795580000)
  object space 57856K, 14% used [0x0000000740000000,0x00000007408665a8,0x0000000743880000)
 Metaspace       used 20890K, capacity 21151K, committed 21248K, reserved 1069056K
  class space    used 2153K, capacity 2260K, committed 2304K, reserved 1048576K
}
Event: 6.433 GC heap before
{Heap before GC invocations=4 (full 1):
 PSYoungGen      total 38400K, used 33077K [0x0000000795580000, 0x000000079a080000, 0x00000007c0000000)
  eden space 33280K, 99% used [0x0000000795580000,0x00000007975cd5d8,0x0000000797600000)
  from space 5120K, 0% used [0x0000000797b00000,0x0000000797b00000,0x0000000798000000)
  to   space 5120K, 0% used [0x0000000797600000,0x0000000797600000,0x0000000797b00000)
 ParOldGen       total 57856K, used 8601K [0x0000000740000000, 0x0000000743880000, 0x0000000795580000)
  object space 57856K, 14% used [0x0000000740000000,0x00000007408665a8,0x0000000743880000)
 Metaspace       used 23342K, capacity 23615K, committed 23808K, reserved 1071104K
  class space    used 2369K, capacity 2484K, committed 2560K, reserved 1048576K
Event: 6.438 GC heap after
Heap after GC invocations=4 (full 1):
 PSYoungGen      total 38400K, used 5104K [0x0000000795580000, 0x0000000799500000, 0x00000007c0000000)
  eden space 33280K, 0% used [0x0000000795580000,0x0000000795580000,0x0000000797600000)
  from space 5120K, 99% used [0x0000000797600000,0x0000000797afc1b0,0x0000000797b00000)
  to   space 5120K, 0% used [0x0000000799000000,0x0000000799000000,0x0000000799500000)
 ParOldGen       total 57856K, used 16441K [0x0000000740000000, 0x0000000743880000, 0x0000000795580000)
  object space 57856K, 28% used [0x0000000740000000,0x000000074100e7e0,0x0000000743880000)
 Metaspace       used 23342K, capacity 23615K, committed 23808K, reserved 1071104K
  class space    used 2369K, capacity 2484K, committed 2560K, reserved 1048576K
}

